[debug] [2026-04-16T09:17:35.150Z] ----------------------------------------------------------------------
[debug] [2026-04-16T09:17:35.157Z] Command:       C:\Program Files\nodejs\node.exe C:\Users\admin\AppData\Roaming\npm\node_modules\firebase-tools\lib\bin\firebase.js deploy --only hosting:web
[debug] [2026-04-16T09:17:35.158Z] CLI Version:   15.14.0
[debug] [2026-04-16T09:17:35.158Z] Platform:      win32
[debug] [2026-04-16T09:17:35.158Z] Node Version:  v24.13.1
[debug] [2026-04-16T09:17:35.159Z] Time:          Thu Apr 16 2026 14:47:35 GMT+0530 (India Standard Time)
[debug] [2026-04-16T09:17:35.159Z] ----------------------------------------------------------------------
[debug] 
[debug] [2026-04-16T09:17:43.744Z] > command requires scopes: ["email","openid","https://www.googleapis.com/auth/cloudplatformprojects.readonly","https://www.googleapis.com/auth/firebase","https://www.googleapis.com/auth/cloud-platform"]
[debug] [2026-04-16T09:17:43.745Z] > authorizing via signed-in user (devanand.j@vseek.in)
[debug] [2026-04-16T09:17:43.745Z] [iam] checking project expensetracker-timelinetracker for permissions ["firebase.projects.get","firebasehosting.sites.update"]
[debug] [2026-04-16T09:17:43.747Z] Checked if tokens are valid: true, expires at: 1776332890243
[debug] [2026-04-16T09:17:43.747Z] Checked if tokens are valid: true, expires at: 1776332890243
[debug] [2026-04-16T09:17:43.749Z] >>> [apiv2][query] POST https://cloudresourcemanager.googleapis.com/v1/projects/expensetracker-timelinetracker:testIamPermissions [none]
[debug] [2026-04-16T09:17:43.749Z] >>> [apiv2][(partial)header] POST https://cloudresourcemanager.googleapis.com/v1/projects/expensetracker-timelinetracker:testIamPermissions  x-goog-user-project=expensetracker-timelinetracker
[debug] [2026-04-16T09:17:43.749Z] >>> [apiv2][body] POST https://cloudresourcemanager.googleapis.com/v1/projects/expensetracker-timelinetracker:testIamPermissions {"permissions":["firebase.projects.get","firebasehosting.sites.update"]}
[debug] [2026-04-16T09:17:45.260Z] <<< [apiv2][status] POST https://cloudresourcemanager.googleapis.com/v1/projects/expensetracker-timelinetracker:testIamPermissions 200
[debug] [2026-04-16T09:17:45.260Z] <<< [apiv2][body] POST https://cloudresourcemanager.googleapis.com/v1/projects/expensetracker-timelinetracker:testIamPermissions {"permissions":["firebase.projects.get","firebasehosting.sites.update"]}
[debug] [2026-04-16T09:17:45.261Z] Checked if tokens are valid: true, expires at: 1776332890243
[debug] [2026-04-16T09:17:45.261Z] Checked if tokens are valid: true, expires at: 1776332890243
[debug] [2026-04-16T09:17:45.262Z] >>> [apiv2][query] GET https://firebase.googleapis.com/v1beta1/projects/expensetracker-timelinetracker [none]
[debug] [2026-04-16T09:17:45.706Z] <<< [apiv2][status] GET https://firebase.googleapis.com/v1beta1/projects/expensetracker-timelinetracker 200
[debug] [2026-04-16T09:17:45.706Z] <<< [apiv2][body] GET https://firebase.googleapis.com/v1beta1/projects/expensetracker-timelinetracker {"projectId":"expensetracker-timelinetracker","projectNumber":"60504563170","displayName":"ExpenseTracker-TimeLineTracker","name":"projects/expensetracker-timelinetracker","resources":{"hostingSite":"expensetracker-timelinetracker"},"state":"ACTIVE","etag":"1_5a632ad5-1397-4d1e-b119-8d16ee14b62a"}
[info] 
[info] === Deploying to 'expensetracker-timelinetracker'...
[info] 
[info] i  deploying hosting 
[info] Running command: npm run build
